[dotenv@17.3.1] injecting env (7) from .env -- tip: ΓÜÖ∩╕Å  write to custom object with { processEnv: myObject }
Γ£à Connected to MongoDB
≡ƒÜÇ Server running on http://localhost:5000
[2026-03-16T20:33:18.769Z] GET /api/quiz/67d716263ebcb013110adhff/analytics
[2026-03-16T20:33:31.507Z] GET /api/auth/profile
[2026-03-16T20:33:31.522Z] GET /api/quiz/my/all
[2026-03-16T20:33:31.535Z] GET /api/auth/profile
[2026-03-16T20:33:31.556Z] GET /api/quiz/my/all
[2026-03-16T20:33:31.610Z] GET /api/auth/profile
[2026-03-16T20:33:31.614Z] GET /api/quiz/my/all
[2026-03-16T20:33:31.624Z] GET /api/auth/profile
[2026-03-16T20:33:31.640Z] GET /api/quiz/my/all
[2026-03-16T20:33:44.451Z] GET /api/auth/profile
[2026-03-16T20:33:44.456Z] GET /api/quiz/69b86643d86f188016ef3b51/analytics
DEBUG: Analytics requested for Quiz ID: 69b86643d86f188016ef3b51
DEBUG: Quiz creator: 69b1361fa4d582c901cbacdb, User ID: 69b1361fa4d582c901cbacdb
[2026-03-16T20:33:44.464Z] GET /api/auth/profile
[2026-03-16T20:33:44.544Z] GET /api/quiz/69b86643d86f188016ef3b51/analytics
DEBUG: Analytics requested for Quiz ID: 69b86643d86f188016ef3b51
DEBUG: Quiz creator: 69b1361fa4d582c901cbacdb, User ID: 69b1361fa4d582c901cbacdb
[2026-03-16T20:35:34.937Z] GET /api/auth/profile
[2026-03-16T20:35:34.942Z] GET /api/quiz/attempt/69b86683d86f188016ef3b81
[2026-03-16T20:35:34.951Z] GET /api/auth/profile
[2026-03-16T20:35:34.956Z] GET /api/quiz/attempt/69b86683d86f188016ef3b81
[2026-03-16T20:35:56.448Z] GET /api/auth/profile
[2026-03-16T20:35:56.450Z] GET /api/quiz/69b86643d86f188016ef3b51/analytics
DEBUG: Analytics requested for Quiz ID: 69b86643d86f188016ef3b51
DEBUG: Quiz creator: 69b1361fa4d582c901cbacdb, User ID: 69b1361fa4d582c901cbacdb
[2026-03-16T20:35:56.458Z] GET /api/auth/profile
[2026-03-16T20:35:56.469Z] GET /api/quiz/69b86643d86f188016ef3b51/analytics
DEBUG: Analytics requested for Quiz ID: 69b86643d86f188016ef3b51
DEBUG: Quiz creator: 69b1361fa4d582c901cbacdb, User ID: 69b1361fa4d582c901cbacdb
[2026-03-16T20:40:50.237Z] GET /api/auth/profile
[2026-03-16T20:40:50.241Z] GET /api/quiz/attempt/69b86683d86f188016ef3b81
[2026-03-16T20:40:50.246Z] GET /api/auth/profile
[2026-03-16T20:40:50.250Z] GET /api/quiz/attempt/69b86683d86f188016ef3b81
[2026-03-16T20:41:04.794Z] GET /api/auth/profile
[2026-03-16T20:41:04.796Z] GET /api/quiz/69b86643d86f188016ef3b51/analytics
DEBUG: Analytics requested for Quiz ID: 69b86643d86f188016ef3b51
DEBUG: Quiz creator: 69b1361fa4d582c901cbacdb, User ID: 69b1361fa4d582c901cbacdb
[2026-03-16T20:41:04.804Z] GET /api/auth/profile
[2026-03-16T20:41:04.813Z] GET /api/quiz/69b86643d86f188016ef3b51/analytics
DEBUG: Analytics requested for Quiz ID: 69b86643d86f188016ef3b51
DEBUG: Quiz creator: 69b1361fa4d582c901cbacdb, User ID: 69b1361fa4d582c901cbacdb
[2026-03-16T20:41:22.662Z] GET /api/auth/profile
[2026-03-16T20:41:22.664Z] GET /api/quiz/stats/user
[2026-03-16T20:41:22.675Z] GET /api/auth/profile
[2026-03-16T20:41:22.682Z] GET /api/quiz/stats/user
[2026-03-16T20:41:22.685Z] GET /api/auth/profile
[2026-03-16T20:41:22.695Z] GET /api/auth/profile
[2026-03-16T20:41:32.551Z] GET /api/auth/profile
[2026-03-16T20:41:32.554Z] GET /api/quiz/attempt/69b86683d86f188016ef3b81
[2026-03-16T20:41:32.559Z] GET /api/auth/profile
[2026-03-16T20:41:32.563Z] GET /api/quiz/attempt/69b86683d86f188016ef3b81
[2026-03-16T20:41:59.488Z] GET /api/auth/profile
[2026-03-16T20:41:59.490Z] GET /api/quiz/69b86643d86f188016ef3b51/analytics
DEBUG: Analytics requested for Quiz ID: 69b86643d86f188016ef3b51
DEBUG: Quiz creator: 69b1361fa4d582c901cbacdb, User ID: 69b1361fa4d582c901cbacdb
[2026-03-16T20:41:59.496Z] GET /api/auth/profile
[2026-03-16T20:41:59.504Z] GET /api/quiz/69b86643d86f188016ef3b51/analytics
DEBUG: Analytics requested for Quiz ID: 69b86643d86f188016ef3b51
DEBUG: Quiz creator: 69b1361fa4d582c901cbacdb, User ID: 69b1361fa4d582c901cbacdb
[2026-03-16T20:42:10.746Z] GET /api/auth/profile
[2026-03-16T20:42:10.750Z] GET /api/quiz/stats/user
[2026-03-16T20:42:10.757Z] GET /api/auth/profile
[2026-03-16T20:42:10.763Z] GET /api/quiz/stats/user
[2026-03-16T20:42:10.766Z] GET /api/auth/profile
[2026-03-16T20:42:10.771Z] GET /api/auth/profile
[2026-03-16T20:44:08.984Z] GET /api/auth/profile
[2026-03-16T20:44:08.986Z] GET /api/quiz/69b86643d86f188016ef3b51/analytics
DEBUG: Analytics requested for Quiz ID: 69b86643d86f188016ef3b51
DEBUG: Quiz creator: 69b1361fa4d582c901cbacdb, User ID: 69b1361fa4d582c901cbacdb
[2026-03-16T20:44:08.993Z] GET /api/auth/profile
[2026-03-16T20:44:09.007Z] GET /api/quiz/69b86643d86f188016ef3b51/analytics
DEBUG: Analytics requested for Quiz ID: 69b86643d86f188016ef3b51
DEBUG: Quiz creator: 69b1361fa4d582c901cbacdb, User ID: 69b1361fa4d582c901cbacdb
[2026-03-16T20:44:10.544Z] GET /api/auth/profile
[2026-03-16T20:44:10.546Z] GET /api/quiz/my/all
[2026-03-16T20:44:10.552Z] GET /api/auth/profile
[2026-03-16T20:44:10.560Z] GET /api/quiz/my/all
[2026-03-16T20:44:45.089Z] POST /api/auth/login
[2026-03-16T20:44:45.179Z] GET /api/auth/profile
[2026-03-16T20:44:45.181Z] GET /api/quiz/stats/user
[2026-03-16T20:44:45.187Z] GET /api/auth/profile
[2026-03-16T20:44:45.193Z] GET /api/quiz/stats/user
[2026-03-16T20:44:45.195Z] GET /api/auth/profile
[2026-03-16T20:44:45.200Z] GET /api/auth/profile
[2026-03-16T20:45:10.401Z] GET /api/quiz/69b86643d86f188016ef3b51
[2026-03-16T20:45:10.408Z] GET /api/quiz/69b86643d86f188016ef3b51
[2026-03-16T20:45:10.415Z] GET /api/quiz/69b86643d86f188016ef3b51/attempt-status
[2026-03-16T20:45:10.463Z] GET /api/quiz/69b86643d86f188016ef3b51/attempt-status
[2026-03-16T20:45:15.931Z] GET /api/auth/profile
[2026-03-16T20:45:15.932Z] GET /api/quiz/stats/user
[2026-03-16T20:45:15.938Z] GET /api/auth/profile
[2026-03-16T20:45:15.947Z] GET /api/quiz/stats/user
[2026-03-16T20:45:15.949Z] GET /api/auth/profile
[2026-03-16T20:45:15.954Z] GET /api/auth/profile
[2026-03-16T20:45:46.832Z] POST /api/auth/login
[2026-03-16T20:45:46.907Z] GET /api/quiz/69b86643d86f188016ef3b51
[2026-03-16T20:45:46.912Z] GET /api/quiz/69b86643d86f188016ef3b51
[2026-03-16T20:45:46.919Z] GET /api/quiz/69b86643d86f188016ef3b51/attempt-status
[2026-03-16T20:45:46.926Z] GET /api/quiz/69b86643d86f188016ef3b51/attempt-status
[2026-03-16T20:45:49.970Z] GET /api/quiz/69b86643d86f188016ef3b51
[2026-03-16T20:45:49.979Z] GET /api/quiz/69b86643d86f188016ef3b51
[2026-03-16T20:46:01.602Z] POST /api/quiz/69b86643d86f188016ef3b51/submit
[2026-03-16T20:47:23.775Z] GET /api/auth/profile
[2026-03-16T20:47:23.780Z] GET /api/quiz/stats/user
[2026-03-16T20:47:23.786Z] GET /api/auth/profile
[2026-03-16T20:47:23.790Z] GET /api/quiz/stats/user
[2026-03-16T20:47:23.792Z] GET /api/auth/profile
[2026-03-16T20:47:23.796Z] GET /api/auth/profile
[2026-03-16T20:56:54.963Z] POST /api/auth/login
[2026-03-16T20:56:55.043Z] GET /api/auth/profile
[2026-03-16T20:56:55.048Z] GET /api/quiz/stats/user
[2026-03-16T20:56:55.050Z] GET /api/auth/profile
[2026-03-16T20:56:55.057Z] GET /api/auth/profile
[2026-03-16T20:56:55.058Z] GET /api/quiz/stats/user
[2026-03-16T20:56:55.063Z] GET /api/auth/profile
[2026-03-16T20:56:57.758Z] GET /api/auth/profile
[2026-03-16T20:56:57.763Z] GET /api/quiz/my/all
[2026-03-16T20:56:57.765Z] GET /api/auth/profile
[2026-03-16T20:56:57.772Z] GET /api/quiz/my/all
[2026-03-16T20:56:59.104Z] GET /api/auth/profile
[2026-03-16T20:56:59.108Z] GET /api/auth/profile
[2026-03-16T20:57:04.517Z] GET /api/auth/profile
[2026-03-16T20:57:04.520Z] GET /api/quiz/stats/user
[2026-03-16T20:57:04.526Z] GET /api/auth/profile
[2026-03-16T20:57:04.532Z] GET /api/quiz/stats/user
[2026-03-16T20:57:04.533Z] GET /api/auth/profile
[2026-03-16T20:57:04.537Z] GET /api/auth/profile
[2026-03-16T20:58:35.259Z] GET /api/auth/profile
[2026-03-16T20:58:35.264Z] GET /api/quiz/my/all
[2026-03-16T20:58:35.269Z] GET /api/auth/profile
[2026-03-16T20:58:35.279Z] GET /api/quiz/my/all
[2026-03-16T20:59:28.112Z] GET /api/auth/profile
[2026-03-16T20:59:28.116Z] GET /api/quiz/69b843634fc8a4a7469815ff/analytics
DEBUG: Analytics requested for Quiz ID: 69b843634fc8a4a7469815ff
DEBUG: Quiz creator: 69b1361fa4d582c901cbacdb, User ID: 69b1361fa4d582c901cbacdb
[2026-03-16T20:59:28.123Z] GET /api/auth/profile
[2026-03-16T20:59:28.129Z] GET /api/quiz/69b843634fc8a4a7469815ff/analytics
DEBUG: Analytics requested for Quiz ID: 69b843634fc8a4a7469815ff
DEBUG: Quiz creator: 69b1361fa4d582c901cbacdb, User ID: 69b1361fa4d582c901cbacdb
[2026-03-16T20:59:50.736Z] GET /api/auth/profile
[2026-03-16T20:59:50.738Z] GET /api/quiz/attempt/69b85c15d86f188016ef3886
[2026-03-16T20:59:50.744Z] GET /api/auth/profile
[2026-03-16T20:59:50.748Z] GET /api/quiz/attempt/69b85c15d86f188016ef3886
[2026-03-16T21:00:03.591Z] GET /api/auth/profile
[2026-03-16T21:00:03.593Z] GET /api/quiz/69b843634fc8a4a7469815ff/analytics
DEBUG: Analytics requested for Quiz ID: 69b843634fc8a4a7469815ff
DEBUG: Quiz creator: 69b1361fa4d582c901cbacdb, User ID: 69b1361fa4d582c901cbacdb
[2026-03-16T21:00:03.598Z] GET /api/auth/profile
[2026-03-16T21:00:03.608Z] GET /api/quiz/69b843634fc8a4a7469815ff/analytics
DEBUG: Analytics requested for Quiz ID: 69b843634fc8a4a7469815ff
DEBUG: Quiz creator: 69b1361fa4d582c901cbacdb, User ID: 69b1361fa4d582c901cbacdb
[2026-03-16T21:00:07.130Z] GET /api/auth/profile
[2026-03-16T21:00:07.132Z] GET /api/quiz/my/all
[2026-03-16T21:00:07.139Z] GET /api/auth/profile
[2026-03-16T21:00:07.145Z] GET /api/quiz/my/all
[2026-03-16T21:00:46.854Z] GET /api/quiz/stats/user
[2026-03-16T21:00:48.834Z] GET /api/quiz/my/all
[2026-03-16T21:01:11.515Z] GET /api/auth/profile
[2026-03-16T21:01:11.517Z] GET /api/quiz/stats/user
[2026-03-16T21:01:11.524Z] GET /api/auth/profile
[2026-03-16T21:01:11.527Z] GET /api/quiz/stats/user
[2026-03-16T21:01:11.529Z] GET /api/auth/profile
[2026-03-16T21:01:11.534Z] GET /api/auth/profile
[2026-03-16T21:01:34.514Z] GET /api/auth/profile
[2026-03-16T21:01:34.517Z] GET /api/quiz/my/all
[2026-03-16T21:01:34.522Z] GET /api/auth/profile
[2026-03-16T21:01:34.540Z] GET /api/quiz/my/all
[2026-03-16T21:01:35.253Z] GET /api/auth/profile
[2026-03-16T21:01:35.254Z] GET /api/quiz/69b843634fc8a4a7469815ff/analytics
DEBUG: Analytics requested for Quiz ID: 69b843634fc8a4a7469815ff
DEBUG: Quiz creator: 69b1361fa4d582c901cbacdb, User ID: 69b1361fa4d582c901cbacdb
[2026-03-16T21:01:35.261Z] GET /api/auth/profile
[2026-03-16T21:01:35.269Z] GET /api/quiz/69b843634fc8a4a7469815ff/analytics
DEBUG: Analytics requested for Quiz ID: 69b843634fc8a4a7469815ff
DEBUG: Quiz creator: 69b1361fa4d582c901cbacdb, User ID: 69b1361fa4d582c901cbacdb
[2026-03-16T21:01:35.544Z] GET /api/auth/profile
[2026-03-16T21:01:35.553Z] GET /api/quiz/my/all
[2026-03-16T21:01:35.589Z] GET /api/auth/profile
[2026-03-16T21:01:35.607Z] GET /api/quiz/my/all
[2026-03-16T21:01:36.346Z] GET /api/auth/profile
[2026-03-16T21:01:36.349Z] GET /api/quiz/stats/user
[2026-03-16T21:01:36.355Z] GET /api/auth/profile
[2026-03-16T21:01:36.359Z] GET /api/quiz/stats/user
[2026-03-16T21:01:36.360Z] GET /api/auth/profile
[2026-03-16T21:01:36.367Z] GET /api/auth/profile
[2026-03-16T21:01:36.601Z] GET /api/auth/profile
[2026-03-16T21:01:36.608Z] GET /api/auth/profile
[2026-03-16T21:01:37.171Z] GET /api/auth/profile
[2026-03-16T21:01:37.173Z] GET /api/quiz/my/all
[2026-03-16T21:01:37.178Z] GET /api/auth/profile
[2026-03-16T21:01:37.185Z] GET /api/quiz/my/all
[2026-03-16T21:01:37.348Z] GET /api/auth/profile
[2026-03-16T21:01:37.350Z] GET /api/quiz/stats/user
[2026-03-16T21:01:37.356Z] GET /api/auth/profile
[2026-03-16T21:01:37.359Z] GET /api/quiz/stats/user
[2026-03-16T21:01:37.363Z] GET /api/auth/profile
[2026-03-16T21:01:37.367Z] GET /api/auth/profile
[2026-03-16T21:01:37.754Z] GET /api/quiz/69b86643d86f188016ef3b51
[2026-03-16T21:01:37.759Z] GET /api/quiz/69b86643d86f188016ef3b51
[2026-03-16T21:01:38.230Z] POST /api/quiz/69b86643d86f188016ef3b51/submit
